<?xml version="1.0" encoding="UTF-8"?>
<!-- Generated by org.testng.reporters.JUnitXMLReporter -->
<testsuite ignored="0" hostname="DESKTOP-SNILOAU" failures="0" tests="3" name="Default test" time="41.994" errors="0" timestamp="2024-10-27T17:57:51 BDT">
  <testcase classname="org.nadim.testscripts.TC001_VerifyLogin" name="verifyLoginFunctionality" time="4.355"/>
  <testcase classname="org.nadim.testscripts.TC001_VerifyLogin" name="verifyLoginFunctionality" time="2.22"/>
  <testcase classname="org.nadim.testscripts.TC001_VerifyLogin" name="verifyLoginFunctionality" time="2.447"/>
</testsuite> <!-- Default test -->
