<?xml version="1.0" encoding="UTF-8"?>
<testng-results ignored="0" total="1" passed="1" failed="0" skipped="0">
  <reporter-output>
  </reporter-output>
  <suite started-at="2024-10-26T11:45:46 BDT" name="Default suite" finished-at="2024-10-26T11:46:16 BDT" duration-ms="29800">
    <groups>
    </groups>
    <test started-at="2024-10-26T11:45:46 BDT" name="Default test" finished-at="2024-10-26T11:46:16 BDT" duration-ms="29800">
      <class name="org.nadim.testscripts.TC001_Login">
        <test-method is-config="true" signature="startUp()[pri:0, instance:org.nadim.testscripts.TC001_Login@2e385cce]" started-at="2024-10-26T11:45:46 BDT" name="startUp" finished-at="2024-10-26T11:46:10 BDT" duration-ms="24258" status="PASS">
          <reporter-output>
          </reporter-output>
        </test-method> <!-- startUp -->
        <test-method signature="verifyLogin()[pri:0, instance:org.nadim.testscripts.TC001_Login@2e385cce]" started-at="2024-10-26T11:46:10 BDT" name="verifyLogin" finished-at="2024-10-26T11:46:14 BDT" duration-ms="4359" status="PASS">
          <reporter-output>
          </reporter-output>
        </test-method> <!-- verifyLogin -->
        <test-method is-config="true" signature="tearDown()[pri:0, instance:org.nadim.testscripts.TC001_Login@2e385cce]" started-at="2024-10-26T11:46:14 BDT" name="tearDown" finished-at="2024-10-26T11:46:16 BDT" duration-ms="1083" status="PASS">
          <reporter-output>
          </reporter-output>
        </test-method> <!-- tearDown -->
      </class> <!-- org.nadim.testscripts.TC001_Login -->
    </test> <!-- Default test -->
  </suite> <!-- Default suite -->
</testng-results>
